\BOOKMARK [1][-]{section.1}{Introduction}{}% 1
\BOOKMARK [2][-]{subsection.1.1}{Using Python}{section.1}% 2
\BOOKMARK [2][-]{subsection.1.2}{Numerical Methods}{section.1}% 3
\BOOKMARK [1][-]{section.2}{Data Visualisation}{}% 4
\BOOKMARK [2][-]{subsection.2.1}{Graphs}{section.2}% 5
\BOOKMARK [3][-]{subsubsection.2.1.1}{Polar Plot}{subsection.2.1}% 6
\BOOKMARK [2][-]{subsection.2.2}{Density Plots and Images}{section.2}% 7
\BOOKMARK [3][-]{subsubsection.2.2.1}{Interference Pattern}{subsection.2.2}% 8
\BOOKMARK [1][-]{section.3}{Integration}{}% 9
\BOOKMARK [2][-]{subsection.3.1}{Trapezoidal Rule}{section.3}% 10
\BOOKMARK [2][-]{subsection.3.2}{Simpson's Rule}{section.3}% 11
\BOOKMARK [3][-]{subsubsection.3.2.1}{Diffraction Limit Of Telescope}{subsection.3.2}% 12
\BOOKMARK [2][-]{subsection.3.3}{Errors on Integrals}{section.3}% 13
\BOOKMARK [2][-]{subsection.3.4}{Adaptive Integral Method}{section.3}% 14
\BOOKMARK [2][-]{subsection.3.5}{Romberg Integration}{section.3}% 15
\BOOKMARK [2][-]{subsection.3.6}{Gaussian Quadrature}{section.3}% 16
\BOOKMARK [3][-]{subsubsection.3.6.1}{Sample Points}{subsection.3.6}% 17
\BOOKMARK [3][-]{subsubsection.3.6.2}{Gaussian Quadrature Implementation}{subsection.3.6}% 18
\BOOKMARK [3][-]{subsubsection.3.6.3}{Heat Capacity Of A Solid}{subsection.3.6}% 19
\BOOKMARK [2][-]{subsection.3.7}{Integrals over Infinite Ranges}{section.3}% 20
\BOOKMARK [2][-]{subsection.3.8}{Multiple Integrals}{section.3}% 21
\BOOKMARK [1][-]{section.4}{Random Processes and Monte-Carlo Methods}{}% 22
\BOOKMARK [2][-]{subsection.4.1}{Random Number Genarators}{section.4}% 23
\BOOKMARK [2][-]{subsection.4.2}{Radioactive Decay Chain}{section.4}% 24
\BOOKMARK [2][-]{subsection.4.3}{Brownian Motion}{section.4}% 25
\BOOKMARK [2][-]{subsection.4.4}{Monte-Carlo Integration}{section.4}% 26
